#! /usr/bin/vvp
:ivl_version "11.0 (stable)";
:ivl_delay_selection "TYPICAL";
:vpi_time_precision + 0;
:vpi_module "/usr/lib/x86_64-linux-gnu/ivl/system.vpi";
:vpi_module "/usr/lib/x86_64-linux-gnu/ivl/vhdl_sys.vpi";
:vpi_module "/usr/lib/x86_64-linux-gnu/ivl/vhdl_textio.vpi";
:vpi_module "/usr/lib/x86_64-linux-gnu/ivl/v2005_math.vpi";
:vpi_module "/usr/lib/x86_64-linux-gnu/ivl/va_math.vpi";
:vpi_module "/usr/lib/x86_64-linux-gnu/ivl/v2009.vpi";
S_0x58ada16150f0 .scope package, "$unit" "$unit" 2 1;
 .timescale 0 0;
S_0x58ada1615280 .scope module, "tb_pipeline_reg" "tb_pipeline_reg" 3 1;
 .timescale 0 0;
P_0x58ada1612380 .param/l "DATA_WIDTH" 0 3 3, +C4<00000000000000000000000000100000>;
v0x58ada162df50_0 .var "clk", 0 0;
v0x58ada162e010_0 .var "in_data", 31 0;
v0x58ada162e0b0_0 .net "in_ready", 0 0, L_0x58ada16022c0;  1 drivers
v0x58ada162e180_0 .var "in_valid", 0 0;
v0x58ada162e250_0 .net "out_data", 31 0, L_0x58ada1602ab0;  1 drivers
v0x58ada162e2f0_0 .var "out_ready", 0 0;
v0x58ada162e3c0_0 .net "out_valid", 0 0, L_0x58ada16027a0;  1 drivers
v0x58ada162e490_0 .var "rst_n", 0 0;
E_0x58ada1611b30 .event posedge, v0x58ada1602420_0;
S_0x58ada1603990 .scope module, "dut" "pipeline_reg" 3 20, 4 1 0, S_0x58ada1615280;
 .timescale 0 0;
    .port_info 0 /INPUT 1 "clk";
    .port_info 1 /INPUT 1 "rst_n";
    .port_info 2 /INPUT 1 "in_valid";
    .port_info 3 /OUTPUT 1 "in_ready";
    .port_info 4 /INPUT 32 "in_data";
    .port_info 5 /OUTPUT 1 "out_valid";
    .port_info 6 /INPUT 1 "out_ready";
    .port_info 7 /OUTPUT 32 "out_data";
P_0x58ada1603b70 .param/l "DATA_WIDTH" 0 4 2, +C4<00000000000000000000000000100000>;
L_0x58ada16022c0 .functor OR 1, L_0x58ada162e560, v0x58ada162e2f0_0, C4<0>, C4<0>;
L_0x58ada16027a0 .functor BUFZ 1, v0x58ada162dd90_0, C4<0>, C4<0>, C4<0>;
L_0x58ada1602ab0 .functor BUFZ 32, v0x58ada1602900_0, C4<00000000000000000000000000000000>, C4<00000000000000000000000000000000>, C4<00000000000000000000000000000000>;
v0x58ada16169e0_0 .net *"_ivl_1", 0 0, L_0x58ada162e560;  1 drivers
v0x58ada1602420_0 .net "clk", 0 0, v0x58ada162df50_0;  1 drivers
v0x58ada1602900_0 .var "data_reg", 31 0;
v0x58ada1602c10_0 .net "in_data", 31 0, v0x58ada162e010_0;  1 drivers
v0x58ada162d8a0_0 .net "in_ready", 0 0, L_0x58ada16022c0;  alias, 1 drivers
v0x58ada162d9b0_0 .net "in_valid", 0 0, v0x58ada162e180_0;  1 drivers
v0x58ada162da70_0 .net "out_data", 31 0, L_0x58ada1602ab0;  alias, 1 drivers
v0x58ada162db50_0 .net "out_ready", 0 0, v0x58ada162e2f0_0;  1 drivers
v0x58ada162dc10_0 .net "out_valid", 0 0, L_0x58ada16027a0;  alias, 1 drivers
v0x58ada162dcd0_0 .net "rst_n", 0 0, v0x58ada162e490_0;  1 drivers
v0x58ada162dd90_0 .var "valid_reg", 0 0;
E_0x58ada15d8780/0 .event negedge, v0x58ada162dcd0_0;
E_0x58ada15d8780/1 .event posedge, v0x58ada1602420_0;
E_0x58ada15d8780 .event/or E_0x58ada15d8780/0, E_0x58ada15d8780/1;
L_0x58ada162e560 .reduce/nor v0x58ada162dd90_0;
    .scope S_0x58ada1603990;
T_0 ;
    %wait E_0x58ada15d8780;
    %load/vec4 v0x58ada162dcd0_0;
    %nor/r;
    %flag_set/vec4 8;
    %jmp/0xz  T_0.0, 8;
    %pushi/vec4 0, 0, 1;
    %assign/vec4 v0x58ada162dd90_0, 0;
    %pushi/vec4 0, 0, 32;
    %assign/vec4 v0x58ada1602900_0, 0;
    %jmp T_0.1;
T_0.0 ;
    %load/vec4 v0x58ada162d9b0_0;
    %load/vec4 v0x58ada162d8a0_0;
    %and;
    %flag_set/vec4 8;
    %jmp/0xz  T_0.2, 8;
    %load/vec4 v0x58ada1602c10_0;
    %assign/vec4 v0x58ada1602900_0, 0;
    %pushi/vec4 1, 0, 1;
    %assign/vec4 v0x58ada162dd90_0, 0;
    %jmp T_0.3;
T_0.2 ;
    %load/vec4 v0x58ada162dc10_0;
    %load/vec4 v0x58ada162db50_0;
    %and;
    %flag_set/vec4 8;
    %jmp/0xz  T_0.4, 8;
    %pushi/vec4 0, 0, 1;
    %assign/vec4 v0x58ada162dd90_0, 0;
T_0.4 ;
T_0.3 ;
T_0.1 ;
    %jmp T_0;
    .thread T_0;
    .scope S_0x58ada1615280;
T_1 ;
    %delay 5, 0;
    %load/vec4 v0x58ada162df50_0;
    %inv;
    %store/vec4 v0x58ada162df50_0, 0, 1;
    %jmp T_1;
    .thread T_1;
    .scope S_0x58ada1615280;
T_2 ;
    %vpi_call/w 3 37 "$dumpfile", "pipeline_reg.vcd" {0 0 0};
    %vpi_call/w 3 38 "$dumpvars", 32'sb00000000000000000000000000000000, S_0x58ada1615280 {0 0 0};
    %pushi/vec4 0, 0, 1;
    %store/vec4 v0x58ada162df50_0, 0, 1;
    %pushi/vec4 0, 0, 1;
    %store/vec4 v0x58ada162e490_0, 0, 1;
    %pushi/vec4 0, 0, 1;
    %store/vec4 v0x58ada162e180_0, 0, 1;
    %pushi/vec4 0, 0, 32;
    %store/vec4 v0x58ada162e010_0, 0, 32;
    %pushi/vec4 0, 0, 1;
    %store/vec4 v0x58ada162e2f0_0, 0, 1;
    %delay 20, 0;
    %pushi/vec4 1, 0, 1;
    %store/vec4 v0x58ada162e490_0, 0, 1;
    %wait E_0x58ada1611b30;
    %pushi/vec4 1, 0, 1;
    %store/vec4 v0x58ada162e180_0, 0, 1;
    %pushi/vec4 2863289685, 0, 32;
    %store/vec4 v0x58ada162e010_0, 0, 32;
    %pushi/vec4 1, 0, 1;
    %store/vec4 v0x58ada162e2f0_0, 0, 1;
    %wait E_0x58ada1611b30;
    %pushi/vec4 0, 0, 1;
    %store/vec4 v0x58ada162e180_0, 0, 1;
    %wait E_0x58ada1611b30;
    %pushi/vec4 1, 0, 1;
    %store/vec4 v0x58ada162e180_0, 0, 1;
    %pushi/vec4 305419896, 0, 32;
    %store/vec4 v0x58ada162e010_0, 0, 32;
    %pushi/vec4 0, 0, 1;
    %store/vec4 v0x58ada162e2f0_0, 0, 1;
    %pushi/vec4 3, 0, 32;
T_2.0 %dup/vec4;
    %pushi/vec4 0, 0, 32;
    %cmp/s;
    %jmp/1xz T_2.1, 5;
    %jmp/1 T_2.1, 4;
    %pushi/vec4 1, 0, 32;
    %sub;
    %wait E_0x58ada1611b30;
    %jmp T_2.0;
T_2.1 ;
    %pop/vec4 1;
    %pushi/vec4 1, 0, 1;
    %store/vec4 v0x58ada162e2f0_0, 0, 1;
    %pushi/vec4 0, 0, 1;
    %store/vec4 v0x58ada162e180_0, 0, 1;
    %delay 20, 0;
    %vpi_call/w 3 73 "$finish" {0 0 0};
    %end;
    .thread T_2;
# The file index is used to find the file name in the following table.
:file_names 5;
    "N/A";
    "<interactive>";
    "-";
    "tb/tb_pipeline_reg.sv";
    "rtl/pipeline_reg.sv";
